Created by PLY version 3.11 (http://www.dabeaz.com/ply)

Unused terminals:

    DIV
    ELSE
    IGNORE_CONTENT
    MINUS
    MULT
    PRINT

Grammar

Rule 0     S' -> program
Rule 1     program -> statement
Rule 2     program -> program statement
Rule 3     statement -> INT VAR LPAREN args RPAREN SEMICOLON
Rule 4     args -> INT VAR
Rule 5     statement -> INT VAR SEMICOLON
Rule 6     statement -> INT VAR EQUALS NUM SEMICOLON
Rule 7     statement -> VAR EQUALS NUM SEMICOLON
Rule 8     statement -> IF LPAREN condition RPAREN
Rule 9     statement -> FOR LPAREN INT VAR EQUALS NUM SEMICOLON condition SEMICOLON for_update RPAREN
Rule 10    statement -> WHILE LPAREN condition RPAREN
Rule 11    string -> STRING
Rule 12    condition -> VAR GREATER NUM
Rule 13    condition -> VAR LESS NUM
Rule 14    condition -> VAR GREATER VAR
Rule 15    condition -> VAR LESS VAR
Rule 16    condition -> VAR EQUALS EQUALS NUM
Rule 17    for_update -> VAR PLUS PLUS
Rule 18    statement -> LB statement RB

Terminals, with rules where they appear

DIV                  : 
ELSE                 : 
EQUALS               : 6 7 9 16 16
FOR                  : 9
GREATER              : 12 14
IF                   : 8
IGNORE_CONTENT       : 
INT                  : 3 4 5 6 9
LB                   : 18
LESS                 : 13 15
LPAREN               : 3 8 9 10
MINUS                : 
MULT                 : 
NUM                  : 6 7 9 12 13 16
PLUS                 : 17 17
PRINT                : 
RB                   : 18
RPAREN               : 3 8 9 10
SEMICOLON            : 3 5 6 7 9 9
STRING               : 11
VAR                  : 3 4 5 6 7 9 12 13 14 14 15 15 16 17
WHILE                : 10
error                : 

Nonterminals, with rules where they appear

args                 : 3
condition            : 8 9 10
for_update           : 9
program              : 2 0
statement            : 1 2 18
string               : 

Parsing method: LALR

state 0

    (0) S' -> . program
    (1) program -> . statement
    (2) program -> . program statement
    (3) statement -> . INT VAR LPAREN args RPAREN SEMICOLON
    (5) statement -> . INT VAR SEMICOLON
    (6) statement -> . INT VAR EQUALS NUM SEMICOLON
    (7) statement -> . VAR EQUALS NUM SEMICOLON
    (8) statement -> . IF LPAREN condition RPAREN
    (9) statement -> . FOR LPAREN INT VAR EQUALS NUM SEMICOLON condition SEMICOLON for_update RPAREN
    (10) statement -> . WHILE LPAREN condition RPAREN
    (18) statement -> . LB statement RB

    INT             shift and go to state 3
    VAR             shift and go to state 4
    IF              shift and go to state 5
    FOR             shift and go to state 6
    WHILE           shift and go to state 7
    LB              shift and go to state 8

    program                        shift and go to state 1
    statement                      shift and go to state 2

state 1

    (0) S' -> program .
    (2) program -> program . statement
    (3) statement -> . INT VAR LPAREN args RPAREN SEMICOLON
    (5) statement -> . INT VAR SEMICOLON
    (6) statement -> . INT VAR EQUALS NUM SEMICOLON
    (7) statement -> . VAR EQUALS NUM SEMICOLON
    (8) statement -> . IF LPAREN condition RPAREN
    (9) statement -> . FOR LPAREN INT VAR EQUALS NUM SEMICOLON condition SEMICOLON for_update RPAREN
    (10) statement -> . WHILE LPAREN condition RPAREN
    (18) statement -> . LB statement RB

    INT             shift and go to state 3
    VAR             shift and go to state 4
    IF              shift and go to state 5
    FOR             shift and go to state 6
    WHILE           shift and go to state 7
    LB              shift and go to state 8

    statement                      shift and go to state 9

state 2

    (1) program -> statement .

    INT             reduce using rule 1 (program -> statement .)
    VAR             reduce using rule 1 (program -> statement .)
    IF              reduce using rule 1 (program -> statement .)
    FOR             reduce using rule 1 (program -> statement .)
    WHILE           reduce using rule 1 (program -> statement .)
    LB              reduce using rule 1 (program -> statement .)
    $end            reduce using rule 1 (program -> statement .)


state 3

    (3) statement -> INT . VAR LPAREN args RPAREN SEMICOLON
    (5) statement -> INT . VAR SEMICOLON
    (6) statement -> INT . VAR EQUALS NUM SEMICOLON

    VAR             shift and go to state 10


state 4

    (7) statement -> VAR . EQUALS NUM SEMICOLON

    EQUALS          shift and go to state 11


state 5

    (8) statement -> IF . LPAREN condition RPAREN

    LPAREN          shift and go to state 12


state 6

    (9) statement -> FOR . LPAREN INT VAR EQUALS NUM SEMICOLON condition SEMICOLON for_update RPAREN

    LPAREN          shift and go to state 13


state 7

    (10) statement -> WHILE . LPAREN condition RPAREN

    LPAREN          shift and go to state 14


state 8

    (18) statement -> LB . statement RB
    (3) statement -> . INT VAR LPAREN args RPAREN SEMICOLON
    (5) statement -> . INT VAR SEMICOLON
    (6) statement -> . INT VAR EQUALS NUM SEMICOLON
    (7) statement -> . VAR EQUALS NUM SEMICOLON
    (8) statement -> . IF LPAREN condition RPAREN
    (9) statement -> . FOR LPAREN INT VAR EQUALS NUM SEMICOLON condition SEMICOLON for_update RPAREN
    (10) statement -> . WHILE LPAREN condition RPAREN
    (18) statement -> . LB statement RB

    INT             shift and go to state 3
    VAR             shift and go to state 4
    IF              shift and go to state 5
    FOR             shift and go to state 6
    WHILE           shift and go to state 7
    LB              shift and go to state 8

    statement                      shift and go to state 15

state 9

    (2) program -> program statement .

    INT             reduce using rule 2 (program -> program statement .)
    VAR             reduce using rule 2 (program -> program statement .)
    IF              reduce using rule 2 (program -> program statement .)
    FOR             reduce using rule 2 (program -> program statement .)
    WHILE           reduce using rule 2 (program -> program statement .)
    LB              reduce using rule 2 (program -> program statement .)
    $end            reduce using rule 2 (program -> program statement .)


state 10

    (3) statement -> INT VAR . LPAREN args RPAREN SEMICOLON
    (5) statement -> INT VAR . SEMICOLON
    (6) statement -> INT VAR . EQUALS NUM SEMICOLON

    LPAREN          shift and go to state 16
    SEMICOLON       shift and go to state 17
    EQUALS          shift and go to state 18


state 11

    (7) statement -> VAR EQUALS . NUM SEMICOLON

    NUM             shift and go to state 19


state 12

    (8) statement -> IF LPAREN . condition RPAREN
    (12) condition -> . VAR GREATER NUM
    (13) condition -> . VAR LESS NUM
    (14) condition -> . VAR GREATER VAR
    (15) condition -> . VAR LESS VAR
    (16) condition -> . VAR EQUALS EQUALS NUM

    VAR             shift and go to state 21

    condition                      shift and go to state 20

state 13

    (9) statement -> FOR LPAREN . INT VAR EQUALS NUM SEMICOLON condition SEMICOLON for_update RPAREN

    INT             shift and go to state 22


state 14

    (10) statement -> WHILE LPAREN . condition RPAREN
    (12) condition -> . VAR GREATER NUM
    (13) condition -> . VAR LESS NUM
    (14) condition -> . VAR GREATER VAR
    (15) condition -> . VAR LESS VAR
    (16) condition -> . VAR EQUALS EQUALS NUM

    VAR             shift and go to state 21

    condition                      shift and go to state 23

state 15

    (18) statement -> LB statement . RB

    RB              shift and go to state 24


state 16

    (3) statement -> INT VAR LPAREN . args RPAREN SEMICOLON
    (4) args -> . INT VAR

    INT             shift and go to state 25

    args                           shift and go to state 26

state 17

    (5) statement -> INT VAR SEMICOLON .

    INT             reduce using rule 5 (statement -> INT VAR SEMICOLON .)
    VAR             reduce using rule 5 (statement -> INT VAR SEMICOLON .)
    IF              reduce using rule 5 (statement -> INT VAR SEMICOLON .)
    FOR             reduce using rule 5 (statement -> INT VAR SEMICOLON .)
    WHILE           reduce using rule 5 (statement -> INT VAR SEMICOLON .)
    LB              reduce using rule 5 (statement -> INT VAR SEMICOLON .)
    $end            reduce using rule 5 (statement -> INT VAR SEMICOLON .)
    RB              reduce using rule 5 (statement -> INT VAR SEMICOLON .)


state 18

    (6) statement -> INT VAR EQUALS . NUM SEMICOLON

    NUM             shift and go to state 27


state 19

    (7) statement -> VAR EQUALS NUM . SEMICOLON

    SEMICOLON       shift and go to state 28


state 20

    (8) statement -> IF LPAREN condition . RPAREN

    RPAREN          shift and go to state 29


state 21

    (12) condition -> VAR . GREATER NUM
    (13) condition -> VAR . LESS NUM
    (14) condition -> VAR . GREATER VAR
    (15) condition -> VAR . LESS VAR
    (16) condition -> VAR . EQUALS EQUALS NUM

    GREATER         shift and go to state 30
    LESS            shift and go to state 31
    EQUALS          shift and go to state 32


state 22

    (9) statement -> FOR LPAREN INT . VAR EQUALS NUM SEMICOLON condition SEMICOLON for_update RPAREN

    VAR             shift and go to state 33


state 23

    (10) statement -> WHILE LPAREN condition . RPAREN

    RPAREN          shift and go to state 34


state 24

    (18) statement -> LB statement RB .

    INT             reduce using rule 18 (statement -> LB statement RB .)
    VAR             reduce using rule 18 (statement -> LB statement RB .)
    IF              reduce using rule 18 (statement -> LB statement RB .)
    FOR             reduce using rule 18 (statement -> LB statement RB .)
    WHILE           reduce using rule 18 (statement -> LB statement RB .)
    LB              reduce using rule 18 (statement -> LB statement RB .)
    $end            reduce using rule 18 (statement -> LB statement RB .)
    RB              reduce using rule 18 (statement -> LB statement RB .)


state 25

    (4) args -> INT . VAR

    VAR             shift and go to state 35


state 26

    (3) statement -> INT VAR LPAREN args . RPAREN SEMICOLON

    RPAREN          shift and go to state 36


state 27

    (6) statement -> INT VAR EQUALS NUM . SEMICOLON

    SEMICOLON       shift and go to state 37


state 28

    (7) statement -> VAR EQUALS NUM SEMICOLON .

    INT             reduce using rule 7 (statement -> VAR EQUALS NUM SEMICOLON .)
    VAR             reduce using rule 7 (statement -> VAR EQUALS NUM SEMICOLON .)
    IF              reduce using rule 7 (statement -> VAR EQUALS NUM SEMICOLON .)
    FOR             reduce using rule 7 (statement -> VAR EQUALS NUM SEMICOLON .)
    WHILE           reduce using rule 7 (statement -> VAR EQUALS NUM SEMICOLON .)
    LB              reduce using rule 7 (statement -> VAR EQUALS NUM SEMICOLON .)
    $end            reduce using rule 7 (statement -> VAR EQUALS NUM SEMICOLON .)
    RB              reduce using rule 7 (statement -> VAR EQUALS NUM SEMICOLON .)


state 29

    (8) statement -> IF LPAREN condition RPAREN .

    INT             reduce using rule 8 (statement -> IF LPAREN condition RPAREN .)
    VAR             reduce using rule 8 (statement -> IF LPAREN condition RPAREN .)
    IF              reduce using rule 8 (statement -> IF LPAREN condition RPAREN .)
    FOR             reduce using rule 8 (statement -> IF LPAREN condition RPAREN .)
    WHILE           reduce using rule 8 (statement -> IF LPAREN condition RPAREN .)
    LB              reduce using rule 8 (statement -> IF LPAREN condition RPAREN .)
    $end            reduce using rule 8 (statement -> IF LPAREN condition RPAREN .)
    RB              reduce using rule 8 (statement -> IF LPAREN condition RPAREN .)


state 30

    (12) condition -> VAR GREATER . NUM
    (14) condition -> VAR GREATER . VAR

    NUM             shift and go to state 39
    VAR             shift and go to state 38


state 31

    (13) condition -> VAR LESS . NUM
    (15) condition -> VAR LESS . VAR

    NUM             shift and go to state 41
    VAR             shift and go to state 40


state 32

    (16) condition -> VAR EQUALS . EQUALS NUM

    EQUALS          shift and go to state 42


state 33

    (9) statement -> FOR LPAREN INT VAR . EQUALS NUM SEMICOLON condition SEMICOLON for_update RPAREN

    EQUALS          shift and go to state 43


state 34

    (10) statement -> WHILE LPAREN condition RPAREN .

    INT             reduce using rule 10 (statement -> WHILE LPAREN condition RPAREN .)
    VAR             reduce using rule 10 (statement -> WHILE LPAREN condition RPAREN .)
    IF              reduce using rule 10 (statement -> WHILE LPAREN condition RPAREN .)
    FOR             reduce using rule 10 (statement -> WHILE LPAREN condition RPAREN .)
    WHILE           reduce using rule 10 (statement -> WHILE LPAREN condition RPAREN .)
    LB              reduce using rule 10 (statement -> WHILE LPAREN condition RPAREN .)
    $end            reduce using rule 10 (statement -> WHILE LPAREN condition RPAREN .)
    RB              reduce using rule 10 (statement -> WHILE LPAREN condition RPAREN .)


state 35

    (4) args -> INT VAR .

    RPAREN          reduce using rule 4 (args -> INT VAR .)


state 36

    (3) statement -> INT VAR LPAREN args RPAREN . SEMICOLON

    SEMICOLON       shift and go to state 44


state 37

    (6) statement -> INT VAR EQUALS NUM SEMICOLON .

    INT             reduce using rule 6 (statement -> INT VAR EQUALS NUM SEMICOLON .)
    VAR             reduce using rule 6 (statement -> INT VAR EQUALS NUM SEMICOLON .)
    IF              reduce using rule 6 (statement -> INT VAR EQUALS NUM SEMICOLON .)
    FOR             reduce using rule 6 (statement -> INT VAR EQUALS NUM SEMICOLON .)
    WHILE           reduce using rule 6 (statement -> INT VAR EQUALS NUM SEMICOLON .)
    LB              reduce using rule 6 (statement -> INT VAR EQUALS NUM SEMICOLON .)
    $end            reduce using rule 6 (statement -> INT VAR EQUALS NUM SEMICOLON .)
    RB              reduce using rule 6 (statement -> INT VAR EQUALS NUM SEMICOLON .)


state 38

    (14) condition -> VAR GREATER VAR .

    RPAREN          reduce using rule 14 (condition -> VAR GREATER VAR .)
    SEMICOLON       reduce using rule 14 (condition -> VAR GREATER VAR .)


state 39

    (12) condition -> VAR GREATER NUM .

    RPAREN          reduce using rule 12 (condition -> VAR GREATER NUM .)
    SEMICOLON       reduce using rule 12 (condition -> VAR GREATER NUM .)


state 40

    (15) condition -> VAR LESS VAR .

    RPAREN          reduce using rule 15 (condition -> VAR LESS VAR .)
    SEMICOLON       reduce using rule 15 (condition -> VAR LESS VAR .)


state 41

    (13) condition -> VAR LESS NUM .

    RPAREN          reduce using rule 13 (condition -> VAR LESS NUM .)
    SEMICOLON       reduce using rule 13 (condition -> VAR LESS NUM .)


state 42

    (16) condition -> VAR EQUALS EQUALS . NUM

    NUM             shift and go to state 45


state 43

    (9) statement -> FOR LPAREN INT VAR EQUALS . NUM SEMICOLON condition SEMICOLON for_update RPAREN

    NUM             shift and go to state 46


state 44

    (3) statement -> INT VAR LPAREN args RPAREN SEMICOLON .

    INT             reduce using rule 3 (statement -> INT VAR LPAREN args RPAREN SEMICOLON .)
    VAR             reduce using rule 3 (statement -> INT VAR LPAREN args RPAREN SEMICOLON .)
    IF              reduce using rule 3 (statement -> INT VAR LPAREN args RPAREN SEMICOLON .)
    FOR             reduce using rule 3 (statement -> INT VAR LPAREN args RPAREN SEMICOLON .)
    WHILE           reduce using rule 3 (statement -> INT VAR LPAREN args RPAREN SEMICOLON .)
    LB              reduce using rule 3 (statement -> INT VAR LPAREN args RPAREN SEMICOLON .)
    $end            reduce using rule 3 (statement -> INT VAR LPAREN args RPAREN SEMICOLON .)
    RB              reduce using rule 3 (statement -> INT VAR LPAREN args RPAREN SEMICOLON .)


state 45

    (16) condition -> VAR EQUALS EQUALS NUM .

    RPAREN          reduce using rule 16 (condition -> VAR EQUALS EQUALS NUM .)
    SEMICOLON       reduce using rule 16 (condition -> VAR EQUALS EQUALS NUM .)


state 46

    (9) statement -> FOR LPAREN INT VAR EQUALS NUM . SEMICOLON condition SEMICOLON for_update RPAREN

    SEMICOLON       shift and go to state 47


state 47

    (9) statement -> FOR LPAREN INT VAR EQUALS NUM SEMICOLON . condition SEMICOLON for_update RPAREN
    (12) condition -> . VAR GREATER NUM
    (13) condition -> . VAR LESS NUM
    (14) condition -> . VAR GREATER VAR
    (15) condition -> . VAR LESS VAR
    (16) condition -> . VAR EQUALS EQUALS NUM

    VAR             shift and go to state 21

    condition                      shift and go to state 48

state 48

    (9) statement -> FOR LPAREN INT VAR EQUALS NUM SEMICOLON condition . SEMICOLON for_update RPAREN

    SEMICOLON       shift and go to state 49


state 49

    (9) statement -> FOR LPAREN INT VAR EQUALS NUM SEMICOLON condition SEMICOLON . for_update RPAREN
    (17) for_update -> . VAR PLUS PLUS

    VAR             shift and go to state 50

    for_update                     shift and go to state 51

state 50

    (17) for_update -> VAR . PLUS PLUS

    PLUS            shift and go to state 52


state 51

    (9) statement -> FOR LPAREN INT VAR EQUALS NUM SEMICOLON condition SEMICOLON for_update . RPAREN

    RPAREN          shift and go to state 53


state 52

    (17) for_update -> VAR PLUS . PLUS

    PLUS            shift and go to state 54


state 53

    (9) statement -> FOR LPAREN INT VAR EQUALS NUM SEMICOLON condition SEMICOLON for_update RPAREN .

    INT             reduce using rule 9 (statement -> FOR LPAREN INT VAR EQUALS NUM SEMICOLON condition SEMICOLON for_update RPAREN .)
    VAR             reduce using rule 9 (statement -> FOR LPAREN INT VAR EQUALS NUM SEMICOLON condition SEMICOLON for_update RPAREN .)
    IF              reduce using rule 9 (statement -> FOR LPAREN INT VAR EQUALS NUM SEMICOLON condition SEMICOLON for_update RPAREN .)
    FOR             reduce using rule 9 (statement -> FOR LPAREN INT VAR EQUALS NUM SEMICOLON condition SEMICOLON for_update RPAREN .)
    WHILE           reduce using rule 9 (statement -> FOR LPAREN INT VAR EQUALS NUM SEMICOLON condition SEMICOLON for_update RPAREN .)
    LB              reduce using rule 9 (statement -> FOR LPAREN INT VAR EQUALS NUM SEMICOLON condition SEMICOLON for_update RPAREN .)
    $end            reduce using rule 9 (statement -> FOR LPAREN INT VAR EQUALS NUM SEMICOLON condition SEMICOLON for_update RPAREN .)
    RB              reduce using rule 9 (statement -> FOR LPAREN INT VAR EQUALS NUM SEMICOLON condition SEMICOLON for_update RPAREN .)


state 54

    (17) for_update -> VAR PLUS PLUS .

    RPAREN          reduce using rule 17 (for_update -> VAR PLUS PLUS .)

